#
# There is insufficient memory for the Java Runtime Environment to continue.
# Native memory allocation (malloc) failed to allocate 1048576 bytes for AllocateHeap
# Possible reasons:
#   The system is out of physical RAM or swap space
#   In 32 bit mode, the process size limit was hit
# Possible solutions:
#   Reduce memory load on the system
#   Increase physical memory or swap space
#   Check if swap backing store is full
#   Use 64 bit Java on a 64 bit OS
#   Decrease Java heap size (-Xmx/-Xms)
#   Decrease number of Java threads
#   Decrease Java thread stack sizes (-Xss)
#   Set larger code cache with -XX:ReservedCodeCacheSize=
# This output file may be truncated or incomplete.
#
#  Out of Memory Error (memory/allocation.inline.hpp:61), pid=217112, tid=0x0000000000035360
#
# JRE version:  (8.0_171-b11) (build )
# Java VM: Java HotSpot(TM) 64-Bit Server VM (25.171-b11 mixed mode windows-amd64 compressed oops)
# Failed to write core dump. Minidumps are not enabled by default on client versions of Windows
#

---------------  T H R E A D  ---------------

Current thread (0x0000000002f52800):  JavaThread "Unknown thread" [_thread_in_vm, id=217952, stack(0x0000000002de0000,0x0000000002ee0000)]

Stack: [0x0000000002de0000,0x0000000002ee0000]
[error occurred during error reporting (printing stack bounds), id 0xc0000005]

Native frames: (J=compiled Java code, j=interpreted, Vv=VM code, C=native code)


---------------  P R O C E S S  ---------------

Java Threads: ( => current thread )

Other Threads:

=>0x0000000002f52800 (exited) JavaThread "Unknown thread" [_thread_in_vm, id=217952, stack(0x0000000002de0000,0x0000000002ee0000)]

VM state:not at safepoint (normal execution)

VM Mutex/Monitor currently owned by a thread: None

Heap:
 PSYoungGen      total 75776K, used 1300K [0x000000076b780000, 0x0000000770c00000, 0x00000007c0000000)
  eden space 65024K, 2% used [0x000000076b780000,0x000000076b8c51f8,0x000000076f700000)
  from space 10752K, 0% used [0x0000000770180000,0x0000000770180000,0x0000000770c00000)
  to   space 10752K, 0% used [0x000000076f700000,0x000000076f700000,0x0000000770180000)
 ParOldGen       total 173568K, used 0K [0x00000006c2600000, 0x00000006ccf80000, 0x000000076b780000)
  object space 173568K, 0% used [0x00000006c2600000,0x00000006c2600000,0x00000006ccf80000)
 Metaspace       used 750K, capacity 4480K, committed 4480K, reserved 1056768K
  class space    used 76K, capacity 384K, committed 384K, reserved 1048576K

Card table byte_map: [0x0000000012410000,0x0000000012c00000] byte_map_base: 0x000000000edfd000

Marking Bits: (ParMarkBitMap*) 0x0000000058bb08c0
 Begin Bits: [0x0000000013950000, 0x00000000178b8000)
 End Bits:   [0x00000000178b8000, 0x000000001b820000)

Polling page: 0x0000000000fa0000

CodeCache: size=245760Kb used=328Kb max_used=328Kb free=245431Kb
 bounds [0x0000000003050000, 0x00000000032c0000, 0x0000000012050000]
 total_blobs=58 nmethods=0 adapters=38
 compilation: enabled

Compilation events (0 events):
No events

GC Heap History (0 events):
No events

Deoptimization events (0 events):
No events

Classes redefined (0 events):
No events

Internal exceptions (0 events):
No events

Events (10 events):
Event: 0.074 loading class java/lang/Short
Event: 0.074 loading class java/lang/Short done
Event: 0.074 loading class java/lang/Integer
Event: 0.074 loading class java/lang/Integer done
Event: 0.074 loading class java/lang/Long
Event: 0.074 loading class java/lang/Long done
Event: 0.076 loading class java/lang/NullPointerException
Event: 0.076 loading class java/lang/NullPointerException done
Event: 0.076 loading class java/lang/ArithmeticException
Event: 0.076 loading class java/lang/ArithmeticException done


Dynamic libraries:
0x00007ff71f3f0000 - 0x00007ff71f427000 	C:\Program Files\Java\jre1.8.0_171\bin\javaw.exe
0x00007ffecf970000 - 0x00007ffecfb51000 	C:\WINDOWS\SYSTEM32\ntdll.dll
0x00007ffece110000 - 0x00007ffece1c1000 	C:\WINDOWS\System32\KERNEL32.DLL
0x00007ffecc900000 - 0x00007ffeccb73000 	C:\WINDOWS\System32\KERNELBASE.dll
0x00007ffeccff0000 - 0x00007ffecd091000 	C:\WINDOWS\System32\ADVAPI32.dll
0x00007ffece070000 - 0x00007ffece10e000 	C:\WINDOWS\System32\msvcrt.dll
0x00007ffecf810000 - 0x00007ffecf86b000 	C:\WINDOWS\System32\sechost.dll
0x00007ffece1d0000 - 0x00007ffece2f4000 	C:\WINDOWS\System32\RPCRT4.dll
0x00007ffecce00000 - 0x00007ffeccf90000 	C:\WINDOWS\System32\USER32.dll
0x00007ffeccb80000 - 0x00007ffeccba0000 	C:\WINDOWS\System32\win32u.dll
0x00007ffecdaa0000 - 0x00007ffecdac8000 	C:\WINDOWS\System32\GDI32.dll
0x00007ffeccc50000 - 0x00007ffeccde1000 	C:\WINDOWS\System32\gdi32full.dll
0x00007ffecc5f0000 - 0x00007ffecc68f000 	C:\WINDOWS\System32\msvcp_win.dll
0x00007ffecc440000 - 0x00007ffecc538000 	C:\WINDOWS\System32\ucrtbase.dll
0x00007ffeca9a0000 - 0x00007ffecac09000 	C:\WINDOWS\WinSxS\amd64_microsoft.windows.common-controls_6595b64144ccf1df_6.0.17134.1425_none_d3fdcfc37c922690\COMCTL32.dll
0x00007ffecdad0000 - 0x00007ffecddf1000 	C:\WINDOWS\System32\combase.dll
0x00007ffecc690000 - 0x00007ffecc709000 	C:\WINDOWS\System32\bcryptPrimitives.dll
0x00007ffece040000 - 0x00007ffece06d000 	C:\WINDOWS\System32\IMM32.DLL
0x00007ffe94e40000 - 0x00007ffe94ef1000 	C:\Program Files\McAfee\Endpoint Security\Threat Prevention\Ips\EpMPApi.dll
0x00007ffecc540000 - 0x00007ffecc597000 	C:\WINDOWS\System32\WINTRUST.dll
0x00007ffecbcd0000 - 0x00007ffecbce2000 	C:\WINDOWS\System32\MSASN1.dll
0x00007ffecc710000 - 0x00007ffecc8f2000 	C:\WINDOWS\System32\CRYPT32.dll
0x000000005b220000 - 0x000000005b22c000 	C:\Program Files\McAfee\Endpoint Security\Threat Prevention\Ips\EpMPThe.dll
0x0000000058260000 - 0x0000000058332000 	C:\Program Files\Java\jre1.8.0_171\bin\msvcr100.dll
0x0000000058390000 - 0x0000000058c30000 	C:\Program Files\Java\jre1.8.0_171\bin\server\jvm.dll
0x00007ffeccdf0000 - 0x00007ffeccdf8000 	C:\WINDOWS\System32\PSAPI.DLL
0x00007ffeba3d0000 - 0x00007ffeba3da000 	C:\WINDOWS\SYSTEM32\VERSION.dll
0x00007ffec2250000 - 0x00007ffec2273000 	C:\WINDOWS\SYSTEM32\WINMM.dll
0x00007ffeb90d0000 - 0x00007ffeb90d9000 	C:\WINDOWS\SYSTEM32\WSOCK32.dll
0x00007ffecd370000 - 0x00007ffecd3dc000 	C:\WINDOWS\System32\WS2_32.dll
0x00007ffec2420000 - 0x00007ffec244a000 	C:\WINDOWS\SYSTEM32\WINMMBASE.dll
0x00007ffecc5a0000 - 0x00007ffecc5e9000 	C:\WINDOWS\System32\cfgmgr32.dll
0x0000000059eb0000 - 0x0000000059ebf000 	C:\Program Files\Java\jre1.8.0_171\bin\verify.dll
0x0000000058360000 - 0x0000000058389000 	C:\Program Files\Java\jre1.8.0_171\bin\java.dll
0x0000000058340000 - 0x0000000058356000 	C:\Program Files\Java\jre1.8.0_171\bin\zip.dll

VM Arguments:
jvm_args: -Dfile.encoding=Cp1252 
java_command: TicTocToe
java_class_path (initial): C:\Users\XY58904\eclipse-workspace\CoGrammarTic-Toc-Toe-Yannick\bin
Launcher Type: SUN_STANDARD

Environment Variables:
PATH=C:/Program Files/Java/jre1.8.0_171/bin/server;C:/Program Files/Java/jre1.8.0_171/bin;C:/Program Files/Java/jre1.8.0_171/lib/amd64;C:\Program Files (x86)\Google\Chrome\Application;C:\Program Files (x86)\Common Files\Oracle\Java\javapath;C:\Program Files (x86)\Intel\iCLS Client\;C:\Program Files\Intel\iCLS Client\;C:\WINDOWS\system32;C:\WINDOWS;C:\WINDOWS\System32\Wbem;C:\WINDOWS\System32\WindowsPowerShell\v1.0\;C:\WINDOWS\System32\OpenSSH\;C:\Windows\CCM;C:\Program Files (x86)\Intel\Intel(R) Management Engine Components\DAL;C:\Program Files\Intel\Intel(R) Management Engine Components\DAL;C:\Program Files (x86)\Intel\Intel(R) Management Engine Components\IPT;C:\Program Files\Intel\Intel(R) Management Engine Components\IPT;C:\Program Files\nodejs\;C:\Program Files\dotnet\;C:\Program Files\Microsoft SQL Server\130\Tools\Binn\;C:\Program Files\Microsoft SQL Server\Client SDK\ODBC\170\Tools\Binn\;C:\Program Files\Microsoft SQL Server\Client SDK\ODBC\130\Tools\Binn\;C:\Program Files (x86)\Microsoft SQL Server\140\Tools\Binn\;C:\Program Files\Microsoft SQL Server\140\Tools\Binn\;C:\Program Files\Microsoft SQL Server\140\DTS\Binn\;C:\Program Files (x86)\Microsoft SQL Server\150\DTS\Binn\;C:\Program Files\PuTTY\;C:\ProgramData\chocolatey\bin;C:\ProgramData\nvm;C:\Program Files\nodejs;"C:\Windows;C:\Windows\System32;C:\Python27";C:\Program Files\Amazon\AWSCLI\bin\;C:\Program Files\Git\cmd;C:\Users\XY58904\AppData\Local\Microsoft\WindowsApps;C:\Users\XY58904\AppData\Local\Programs\Microsoft VS Code\bin;C:\Users\XY58904\AppData\Roaming\npm;C:\Users\XY58904\AppData\Local\GitHubDesktop\bin;C:\Python27;C:\Python27\Scripts;C:\Users\XY58904\AppData\Local\Keybase\;C:\Users\XY58904\Downloads;
USERNAME=XY58904
OS=Windows_NT
PROCESSOR_IDENTIFIER=Intel64 Family 6 Model 142 Stepping 10, GenuineIntel



---------------  S Y S T E M  ---------------

OS: Windows 10.0 , 64 bit Build 17134 (10.0.17134.1425)

CPU:total 8 (initial active 8) (4 cores per cpu, 2 threads per core) family 6 model 142 stepping 10, cmov, cx8, fxsr, mmx, sse, sse2, sse3, ssse3, sse4.1, sse4.2, popcnt, avx, avx2, aes, clmul, erms, 3dnowpref, lzcnt, ht, tsc, tscinvbit, bmi1, bmi2, adx

Memory: 4k page, physical 16616664k(3300776k free), swap 30241972k(5716k free)

vm_info: Java HotSpot(TM) 64-Bit Server VM (25.171-b11) for windows-amd64 JRE (1.8.0_171-b11), built on Mar 28 2018 16:06:12 by "java_re" with MS VC++ 10.0 (VS2010)

time: Sat Jun 06 20:15:01 2020
elapsed time: 0 seconds (0d 0h 0m 0s)

